<?xml version="1.0" ?>
<testsuites errors="0" failures="0" name="ABLUnit" tests="7"><testsuite classname="BowlingGameTest" errors="0" failures="0" id="1" name="C:\Users\zdelcoco\pdsoe_125_workspaces\Bowling_Game\TestBowlingGame\tests\BowlingGameTest.cls" skipped="0" tests="7" time=".027"><properties><property name="proversion" value="12.5.0.0.1175"/><property name="process-architecture" value="64"/><property name="opsys" value="WIN32"/><property name="window-system" value="MS-WINXP"/><property name="cpinternal" value="1252"/><property name="startup-parameters" value="-pf C:\DLC\12.5\startup.pf,-cpinternal 1252,-cpstream 1252,-cpcoll Basic,-cpcase Basic,-d mdy,-numsep 44,-numdec 46,(end .pf),-nosplash,-p C:\Users\zdelcoco\oeide_125\oeide\eclipse\plugins\com.openedge.pdt.debug.core_12.5.0.00\abl\_debuglauncher.p"/></properties><testcase classname="BowlingGameTest" name="bowlingGameExists" status="Success" time=".002"/><testcase classname="BowlingGameTest" name="canRoll" status="Success" time=".001"/><testcase classname="BowlingGameTest" name="gutterGame" status="Success" time=".002"/><testcase classname="BowlingGameTest" name="allOnes" status="Success" time=".001"/><testcase classname="BowlingGameTest" name="oneSpare" status="Success" time=".001"/><testcase classname="BowlingGameTest" name="oneStrike" status="Success" time=".001"/><testcase classname="BowlingGameTest" name="perfectGame" status="Success" time=".001"/></testsuite></testsuites>